TN:
SF:controllers\positionController.js
FN:1,Object.<anonymous>
FN:8,__export
FN:11,__copyProps
FN:21,get
FN:24,__toESM
FN:39,__toCommonJS
FN:43,deletePosition
FN:44,getPosition
FN:44,getPositions
FN:45,postPosition
FN:47,updatePosition
FN:54,getPositions
FN:67,getPosition
FN:82,postPosition
FNF:14
FNH:8
FNDA:1,Object.<anonymous>
FNDA:1,__export
FNDA:4,__copyProps
FNDA:8,get
FNDA:3,__toESM
FNDA:1,__toCommonJS
FNDA:0,deletePosition
FNDA:0,getPosition
FNDA:0,getPositions
FNDA:3,postPosition
FNDA:0,updatePosition
FNDA:0,getPositions
FNDA:0,getPosition
FNDA:3,postPosition
DA:1,1
DA:2,1
DA:3,1
DA:4,1
DA:5,1
DA:6,1
DA:7,1
DA:8,1
DA:9,1
DA:10,5
DA:11,1
DA:12,4
DA:13,4
DA:14,4
DA:15,4
DA:16,4
DA:17,4
DA:18,4
DA:19,4
DA:20,4
DA:21,11
DA:22,11
DA:23,1
DA:24,1
DA:25,3
DA:26,3
DA:27,3
DA:28,3
DA:29,3
DA:30,3
DA:31,3
DA:32,3
DA:33,3
DA:34,3
DA:35,3
DA:36,3
DA:37,0
DA:38,3
DA:39,1
DA:40,1
DA:41,1
DA:42,1
DA:43,1
DA:44,1
DA:45,1
DA:46,1
DA:47,0
DA:48,1
DA:49,1
DA:50,1
DA:51,1
DA:52,1
DA:53,1
DA:54,1
DA:55,0
DA:56,0
DA:57,0
DA:58,0
DA:59,0
DA:60,0
DA:61,0
DA:62,0
DA:63,0
DA:64,0
DA:65,0
DA:66,0
DA:67,1
DA:68,0
DA:69,0
DA:70,0
DA:71,0
DA:72,0
DA:73,0
DA:74,0
DA:75,0
DA:76,0
DA:77,0
DA:78,0
DA:79,0
DA:80,1
DA:81,1
DA:82,3
DA:83,3
DA:84,3
DA:85,3
DA:86,3
DA:87,3
DA:88,3
DA:89,3
DA:90,1
DA:91,1
DA:92,1
DA:93,1
DA:94,1
DA:95,1
DA:96,1
DA:97,1
DA:98,1
DA:99,1
LF:99
LH:73
BRDA:1,0,0,1
BRDA:1,1,0,1
BRDA:8,2,0,1
BRDA:9,3,0,5
BRDA:11,4,0,4
BRDA:17,5,0,0
BRDA:20,6,0,11
BRDA:21,7,0,8
BRDA:24,8,0,3
BRDA:26,9,0,0
BRDA:37,10,0,0
BRDA:39,11,0,1
BRDA:45,12,0,3
BRDA:82,13,0,3
BRDA:88,14,0,2
BRDA:89,15,0,1
BRF:16
BRH:13
end_of_record
TN:
SF:errors\badRequestError.js
FN:1,Object.<anonymous>
FNF:1
FNH:1
FNDA:1,Object.<anonymous>
DA:1,1
DA:2,1
DA:3,1
DA:4,1
DA:5,1
DA:6,1
DA:7,1
LF:7
LH:7
BRDA:1,0,0,1
BRDA:1,1,0,1
BRF:2
BRH:2
end_of_record
TN:
SF:errors\notFoundError.js
FN:1,Object.<anonymous>
FNF:1
FNH:1
FNDA:1,Object.<anonymous>
DA:1,1
DA:2,1
DA:3,1
DA:4,1
DA:5,1
DA:6,1
LF:6
LH:6
BRDA:1,0,0,1
BRDA:1,1,0,1
BRF:2
BRH:2
end_of_record
TN:
SF:models\Position.js
FN:1,Object.<anonymous>
FN:8,__export
FN:11,__copyProps
FN:16,get
FN:20,__toESM
FNF:5
FNH:5
FNDA:1,Object.<anonymous>
FNDA:1,__export
FNDA:2,__copyProps
FNDA:10,get
FNDA:1,__toESM
DA:1,1
DA:2,1
DA:3,1
DA:4,1
DA:5,1
DA:6,1
DA:7,1
DA:8,1
DA:9,1
DA:10,1
DA:11,1
DA:12,2
DA:13,2
DA:14,2
DA:15,2
DA:16,54
DA:17,53
DA:18,53
DA:19,53
DA:20,1
DA:21,1
DA:22,1
DA:23,1
DA:24,1
DA:25,1
DA:26,1
DA:27,1
DA:28,1
DA:29,1
DA:30,1
DA:31,1
LF:31
LH:31
BRDA:1,0,0,1
BRDA:1,1,0,1
BRDA:8,2,0,1
BRDA:11,3,0,2
BRDA:14,4,0,0
BRDA:15,5,0,54
BRDA:16,6,0,53
BRDA:16,7,0,53
BRDA:16,8,0,10
BRDA:20,9,0,1
BRDA:25,10,0,0
BRF:11
BRH:9
end_of_record
